mode: set
github.com/vatsal278/html-pdf-service/internal/repo/htmlToPdf/wkhtmltopdf.go:12.36,14.2 1 1
github.com/vatsal278/html-pdf-service/internal/repo/htmlToPdf/wkhtmltopdf.go:16.41,18.2 1 0
github.com/vatsal278/html-pdf-service/internal/repo/htmlToPdf/wkhtmltopdf.go:20.64,24.16 4 1
github.com/vatsal278/html-pdf-service/internal/repo/htmlToPdf/wkhtmltopdf.go:27.2,27.16 1 1
github.com/vatsal278/html-pdf-service/internal/repo/htmlToPdf/wkhtmltopdf.go:24.16,26.3 1 0
github.com/vatsal278/html-pdf-service/internal/repo/htmlToPdf/wkhtmltopdf.go:29.64,31.16 2 1
github.com/vatsal278/html-pdf-service/internal/repo/htmlToPdf/wkhtmltopdf.go:34.2,37.16 3 1
github.com/vatsal278/html-pdf-service/internal/repo/htmlToPdf/wkhtmltopdf.go:40.2,40.12 1 1
github.com/vatsal278/html-pdf-service/internal/repo/htmlToPdf/wkhtmltopdf.go:31.16,33.3 1 0
github.com/vatsal278/html-pdf-service/internal/repo/htmlToPdf/wkhtmltopdf.go:37.16,39.3 1 0
github.com/vatsal278/html-pdf-service/internal/repo/datasource/redis.go:13.57,17.2 1 1
github.com/vatsal278/html-pdf-service/internal/repo/datasource/redis.go:18.37,20.16 2 1
github.com/vatsal278/html-pdf-service/internal/repo/datasource/redis.go:23.2,23.13 1 1
github.com/vatsal278/html-pdf-service/internal/repo/datasource/redis.go:20.16,22.3 1 1
github.com/vatsal278/html-pdf-service/internal/repo/datasource/redis.go:25.68,27.2 1 0
github.com/vatsal278/html-pdf-service/internal/repo/datasource/redis.go:28.52,31.16 3 1
github.com/vatsal278/html-pdf-service/internal/repo/datasource/redis.go:34.2,34.17 1 1
github.com/vatsal278/html-pdf-service/internal/repo/datasource/redis.go:31.16,33.3 1 1
github.com/vatsal278/html-pdf-service/internal/repo/datasource/redis.go:37.81,40.16 3 1
github.com/vatsal278/html-pdf-service/internal/repo/datasource/redis.go:43.2,43.12 1 1
github.com/vatsal278/html-pdf-service/internal/repo/datasource/redis.go:40.16,42.3 1 1
github.com/vatsal278/html-pdf-service/internal/repo/datasource/redis.go:45.47,48.16 3 1
github.com/vatsal278/html-pdf-service/internal/repo/datasource/redis.go:51.2,51.12 1 1
github.com/vatsal278/html-pdf-service/internal/repo/datasource/redis.go:48.16,50.3 1 0
github.com/vatsal278/html-pdf-service/internal/config/config.go:43.43,53.2 2 1
github.com/vatsal278/html-pdf-service/internal/logic/logic.go:37.102,42.2 1 1
github.com/vatsal278/html-pdf-service/internal/logic/logic.go:44.79,49.16 2 1
github.com/vatsal278/html-pdf-service/internal/logic/logic.go:57.2,61.3 1 1
github.com/vatsal278/html-pdf-service/internal/logic/logic.go:49.16,56.3 2 1
github.com/vatsal278/html-pdf-service/internal/logic/logic.go:64.49,68.2 1 1
github.com/vatsal278/html-pdf-service/internal/logic/logic.go:70.73,72.16 2 1
github.com/vatsal278/html-pdf-service/internal/logic/logic.go:80.2,81.16 2 1
github.com/vatsal278/html-pdf-service/internal/logic/logic.go:88.2,90.16 3 1
github.com/vatsal278/html-pdf-service/internal/logic/logic.go:98.2,104.3 1 1
github.com/vatsal278/html-pdf-service/internal/logic/logic.go:72.16,79.3 2 0
github.com/vatsal278/html-pdf-service/internal/logic/logic.go:81.16,87.3 1 1
github.com/vatsal278/html-pdf-service/internal/logic/logic.go:90.16,97.3 2 1
github.com/vatsal278/html-pdf-service/internal/logic/logic.go:107.85,109.16 2 1
github.com/vatsal278/html-pdf-service/internal/logic/logic.go:117.2,118.16 2 1
github.com/vatsal278/html-pdf-service/internal/logic/logic.go:126.2,127.16 2 1
github.com/vatsal278/html-pdf-service/internal/logic/logic.go:135.2,136.16 2 1
github.com/vatsal278/html-pdf-service/internal/logic/logic.go:144.2,150.3 1 1
github.com/vatsal278/html-pdf-service/internal/logic/logic.go:109.16,116.3 2 1
github.com/vatsal278/html-pdf-service/internal/logic/logic.go:118.16,125.3 2 0
github.com/vatsal278/html-pdf-service/internal/logic/logic.go:127.16,133.3 1 1
github.com/vatsal278/html-pdf-service/internal/logic/logic.go:136.16,143.3 2 1
github.com/vatsal278/html-pdf-service/internal/logic/logic.go:153.97,156.16 3 1
github.com/vatsal278/html-pdf-service/internal/logic/logic.go:164.2,165.16 2 1
github.com/vatsal278/html-pdf-service/internal/logic/logic.go:173.2,173.47 1 1
github.com/vatsal278/html-pdf-service/internal/logic/logic.go:208.2,210.16 3 1
github.com/vatsal278/html-pdf-service/internal/logic/logic.go:218.2,219.16 2 1
github.com/vatsal278/html-pdf-service/internal/logic/logic.go:227.2,227.30 1 1
github.com/vatsal278/html-pdf-service/internal/logic/logic.go:156.16,163.3 2 1
github.com/vatsal278/html-pdf-service/internal/logic/logic.go:165.16,172.3 2 1
github.com/vatsal278/html-pdf-service/internal/logic/logic.go:173.47,175.10 2 1
github.com/vatsal278/html-pdf-service/internal/logic/logic.go:178.3,179.17 2 1
github.com/vatsal278/html-pdf-service/internal/logic/logic.go:187.3,188.17 2 1
github.com/vatsal278/html-pdf-service/internal/logic/logic.go:196.3,198.17 3 1
github.com/vatsal278/html-pdf-service/internal/logic/logic.go:206.3,206.77 1 1
github.com/vatsal278/html-pdf-service/internal/logic/logic.go:175.10,176.12 1 1
github.com/vatsal278/html-pdf-service/internal/logic/logic.go:179.17,186.4 2 1
github.com/vatsal278/html-pdf-service/internal/logic/logic.go:188.17,195.4 2 0
github.com/vatsal278/html-pdf-service/internal/logic/logic.go:198.17,205.4 2 0
github.com/vatsal278/html-pdf-service/internal/logic/logic.go:210.16,217.3 2 0
github.com/vatsal278/html-pdf-service/internal/logic/logic.go:219.16,226.3 2 1
github.com/vatsal278/html-pdf-service/internal/handler/common.go:29.40,33.2 3 1
github.com/vatsal278/html-pdf-service/internal/handler/common.go:35.30,37.2 1 1
github.com/vatsal278/html-pdf-service/internal/handler/common.go:39.72,41.2 1 1
github.com/vatsal278/html-pdf-service/internal/handler/common.go:43.69,45.2 1 1
github.com/vatsal278/html-pdf-service/internal/handler/common.go:47.67,55.33 3 1
github.com/vatsal278/html-pdf-service/internal/handler/common.go:66.2,66.78 1 1
github.com/vatsal278/html-pdf-service/internal/handler/common.go:55.33,58.10 3 1
github.com/vatsal278/html-pdf-service/internal/handler/common.go:61.3,64.4 1 1
github.com/vatsal278/html-pdf-service/internal/handler/common.go:58.10,60.4 1 1
github.com/vatsal278/html-pdf-service/internal/handler/handler.go:36.106,43.2 3 1
github.com/vatsal278/html-pdf-service/internal/handler/handler.go:45.81,47.15 2 1
github.com/vatsal278/html-pdf-service/internal/handler/handler.go:54.2,56.8 3 1
github.com/vatsal278/html-pdf-service/internal/handler/handler.go:47.15,49.11 2 1
github.com/vatsal278/html-pdf-service/internal/handler/handler.go:49.11,52.4 2 0
github.com/vatsal278/html-pdf-service/internal/handler/handler.go:59.72,63.16 3 1
github.com/vatsal278/html-pdf-service/internal/handler/handler.go:68.2,70.8 3 1
github.com/vatsal278/html-pdf-service/internal/handler/handler.go:63.16,66.3 2 1
github.com/vatsal278/html-pdf-service/internal/handler/handler.go:72.74,74.16 2 1
github.com/vatsal278/html-pdf-service/internal/handler/handler.go:79.2,80.16 2 1
github.com/vatsal278/html-pdf-service/internal/handler/handler.go:85.2,87.58 3 1
github.com/vatsal278/html-pdf-service/internal/handler/handler.go:74.16,78.3 3 1
github.com/vatsal278/html-pdf-service/internal/handler/handler.go:80.16,84.3 3 1
github.com/vatsal278/html-pdf-service/internal/handler/handler.go:89.80,93.9 3 1
github.com/vatsal278/html-pdf-service/internal/handler/handler.go:97.2,99.16 3 1
github.com/vatsal278/html-pdf-service/internal/handler/handler.go:104.2,107.51 4 1
github.com/vatsal278/html-pdf-service/internal/handler/handler.go:93.9,96.3 2 1
github.com/vatsal278/html-pdf-service/internal/handler/handler.go:99.16,103.3 3 0
github.com/vatsal278/html-pdf-service/internal/handler/handler.go:109.79,113.9 3 1
github.com/vatsal278/html-pdf-service/internal/handler/handler.go:117.2,119.16 2 1
github.com/vatsal278/html-pdf-service/internal/handler/handler.go:124.2,125.16 2 1
github.com/vatsal278/html-pdf-service/internal/handler/handler.go:130.2,132.58 3 1
github.com/vatsal278/html-pdf-service/internal/handler/handler.go:113.9,116.3 2 1
github.com/vatsal278/html-pdf-service/internal/handler/handler.go:119.16,123.3 3 1
github.com/vatsal278/html-pdf-service/internal/handler/handler.go:125.16,129.3 3 0
github.com/vatsal278/html-pdf-service/internal/router/router.go:16.53,20.38 2 1
github.com/vatsal278/html-pdf-service/internal/router/router.go:24.2,36.10 9 1
github.com/vatsal278/html-pdf-service/internal/router/router.go:20.38,22.3 1 1
github.com/vatsal278/html-pdf-service/internal/router/router.go:39.86,50.2 8 1
