mode: set
github.com/vatsal278/html-pdf-service/internal/repo/htmlToPdf/wkhtmltopdf.go:12.36,14.2 1 0
github.com/vatsal278/html-pdf-service/internal/repo/htmlToPdf/wkhtmltopdf.go:16.41,18.2 1 0
github.com/vatsal278/html-pdf-service/internal/repo/htmlToPdf/wkhtmltopdf.go:20.64,24.16 4 0
github.com/vatsal278/html-pdf-service/internal/repo/htmlToPdf/wkhtmltopdf.go:27.2,27.16 1 0
github.com/vatsal278/html-pdf-service/internal/repo/htmlToPdf/wkhtmltopdf.go:24.16,26.3 1 0
github.com/vatsal278/html-pdf-service/internal/repo/htmlToPdf/wkhtmltopdf.go:29.64,31.16 2 0
github.com/vatsal278/html-pdf-service/internal/repo/htmlToPdf/wkhtmltopdf.go:34.2,36.16 3 0
github.com/vatsal278/html-pdf-service/internal/repo/htmlToPdf/wkhtmltopdf.go:39.2,39.12 1 0
github.com/vatsal278/html-pdf-service/internal/repo/htmlToPdf/wkhtmltopdf.go:31.16,33.3 1 0
github.com/vatsal278/html-pdf-service/internal/repo/htmlToPdf/wkhtmltopdf.go:36.16,38.3 1 0
github.com/vatsal278/html-pdf-service/internal/repo/datasource/redis.go:13.57,17.2 1 1
github.com/vatsal278/html-pdf-service/internal/repo/datasource/redis.go:18.37,20.16 2 1
github.com/vatsal278/html-pdf-service/internal/repo/datasource/redis.go:23.2,23.13 1 1
github.com/vatsal278/html-pdf-service/internal/repo/datasource/redis.go:20.16,22.3 1 1
github.com/vatsal278/html-pdf-service/internal/repo/datasource/redis.go:25.68,27.2 1 0
github.com/vatsal278/html-pdf-service/internal/repo/datasource/redis.go:28.52,31.16 3 1
github.com/vatsal278/html-pdf-service/internal/repo/datasource/redis.go:34.2,34.17 1 1
github.com/vatsal278/html-pdf-service/internal/repo/datasource/redis.go:31.16,33.3 1 1
github.com/vatsal278/html-pdf-service/internal/repo/datasource/redis.go:37.81,40.16 3 1
github.com/vatsal278/html-pdf-service/internal/repo/datasource/redis.go:43.2,43.12 1 1
github.com/vatsal278/html-pdf-service/internal/repo/datasource/redis.go:40.16,42.3 1 1
github.com/vatsal278/html-pdf-service/internal/repo/datasource/redis.go:45.47,48.16 3 1
github.com/vatsal278/html-pdf-service/internal/repo/datasource/redis.go:51.2,51.12 1 1
github.com/vatsal278/html-pdf-service/internal/repo/datasource/redis.go:48.16,50.3 1 1
github.com/vatsal278/html-pdf-service/internal/config/config.go:34.43,44.2 2 1
github.com/vatsal278/html-pdf-service/internal/router/router.go:16.53,20.38 2 1
github.com/vatsal278/html-pdf-service/internal/router/router.go:24.2,36.10 9 1
github.com/vatsal278/html-pdf-service/internal/router/router.go:20.38,22.3 1 1
github.com/vatsal278/html-pdf-service/internal/router/router.go:39.86,49.2 7 1
github.com/vatsal278/html-pdf-service/internal/logic/logic.go:36.102,41.2 1 1
github.com/vatsal278/html-pdf-service/internal/logic/logic.go:43.49,47.2 1 1
github.com/vatsal278/html-pdf-service/internal/logic/logic.go:49.73,51.16 2 1
github.com/vatsal278/html-pdf-service/internal/logic/logic.go:59.2,60.16 2 1
github.com/vatsal278/html-pdf-service/internal/logic/logic.go:67.2,69.16 3 1
github.com/vatsal278/html-pdf-service/internal/logic/logic.go:77.2,83.3 1 1
github.com/vatsal278/html-pdf-service/internal/logic/logic.go:51.16,58.3 2 1
github.com/vatsal278/html-pdf-service/internal/logic/logic.go:60.16,66.3 1 1
github.com/vatsal278/html-pdf-service/internal/logic/logic.go:69.16,76.3 2 1
github.com/vatsal278/html-pdf-service/internal/logic/logic.go:86.85,88.16 2 1
github.com/vatsal278/html-pdf-service/internal/logic/logic.go:96.2,97.16 2 1
github.com/vatsal278/html-pdf-service/internal/logic/logic.go:105.2,106.16 2 1
github.com/vatsal278/html-pdf-service/internal/logic/logic.go:113.2,114.16 2 1
github.com/vatsal278/html-pdf-service/internal/logic/logic.go:122.2,128.3 1 1
github.com/vatsal278/html-pdf-service/internal/logic/logic.go:88.16,95.3 2 1
github.com/vatsal278/html-pdf-service/internal/logic/logic.go:97.16,104.3 2 1
github.com/vatsal278/html-pdf-service/internal/logic/logic.go:106.16,112.3 1 1
github.com/vatsal278/html-pdf-service/internal/logic/logic.go:114.16,121.3 2 1
github.com/vatsal278/html-pdf-service/internal/logic/logic.go:131.97,134.16 3 1
github.com/vatsal278/html-pdf-service/internal/logic/logic.go:142.2,143.16 2 1
github.com/vatsal278/html-pdf-service/internal/logic/logic.go:151.2,152.9 2 1
github.com/vatsal278/html-pdf-service/internal/logic/logic.go:160.2,160.22 1 1
github.com/vatsal278/html-pdf-service/internal/logic/logic.go:204.2,206.16 3 1
github.com/vatsal278/html-pdf-service/internal/logic/logic.go:214.2,215.16 2 1
github.com/vatsal278/html-pdf-service/internal/logic/logic.go:224.2,224.51 1 1
github.com/vatsal278/html-pdf-service/internal/logic/logic.go:134.16,141.3 2 1
github.com/vatsal278/html-pdf-service/internal/logic/logic.go:143.16,150.3 2 1
github.com/vatsal278/html-pdf-service/internal/logic/logic.go:152.9,159.3 2 1
github.com/vatsal278/html-pdf-service/internal/logic/logic.go:160.22,162.10 2 1
github.com/vatsal278/html-pdf-service/internal/logic/logic.go:170.3,171.10 2 1
github.com/vatsal278/html-pdf-service/internal/logic/logic.go:174.3,175.17 2 1
github.com/vatsal278/html-pdf-service/internal/logic/logic.go:183.3,184.17 2 1
github.com/vatsal278/html-pdf-service/internal/logic/logic.go:192.3,194.17 3 1
github.com/vatsal278/html-pdf-service/internal/logic/logic.go:202.3,202.77 1 1
github.com/vatsal278/html-pdf-service/internal/logic/logic.go:162.10,169.4 2 1
github.com/vatsal278/html-pdf-service/internal/logic/logic.go:171.10,172.12 1 1
github.com/vatsal278/html-pdf-service/internal/logic/logic.go:175.17,182.4 2 1
github.com/vatsal278/html-pdf-service/internal/logic/logic.go:184.17,191.4 2 1
github.com/vatsal278/html-pdf-service/internal/logic/logic.go:194.17,201.4 2 1
github.com/vatsal278/html-pdf-service/internal/logic/logic.go:206.16,213.3 2 0
github.com/vatsal278/html-pdf-service/internal/logic/logic.go:215.16,222.3 2 1
github.com/vatsal278/html-pdf-service/internal/handler/common.go:29.40,33.2 3 1
github.com/vatsal278/html-pdf-service/internal/handler/common.go:35.30,37.2 1 1
github.com/vatsal278/html-pdf-service/internal/handler/common.go:39.72,41.2 1 1
github.com/vatsal278/html-pdf-service/internal/handler/common.go:43.69,45.2 1 1
github.com/vatsal278/html-pdf-service/internal/handler/common.go:47.67,55.33 3 1
github.com/vatsal278/html-pdf-service/internal/handler/common.go:66.2,66.78 1 1
github.com/vatsal278/html-pdf-service/internal/handler/common.go:55.33,58.10 3 1
github.com/vatsal278/html-pdf-service/internal/handler/common.go:61.3,64.4 1 1
github.com/vatsal278/html-pdf-service/internal/handler/common.go:58.10,60.4 1 1
github.com/vatsal278/html-pdf-service/internal/handler/handler.go:33.106,40.2 3 1
github.com/vatsal278/html-pdf-service/internal/handler/handler.go:42.81,44.15 2 1
github.com/vatsal278/html-pdf-service/internal/handler/handler.go:51.2,53.8 3 1
github.com/vatsal278/html-pdf-service/internal/handler/handler.go:44.15,46.11 2 1
github.com/vatsal278/html-pdf-service/internal/handler/handler.go:46.11,49.4 2 0
github.com/vatsal278/html-pdf-service/internal/handler/handler.go:56.74,58.16 2 1
github.com/vatsal278/html-pdf-service/internal/handler/handler.go:63.2,64.16 2 1
github.com/vatsal278/html-pdf-service/internal/handler/handler.go:69.2,71.58 3 1
github.com/vatsal278/html-pdf-service/internal/handler/handler.go:58.16,62.3 3 1
github.com/vatsal278/html-pdf-service/internal/handler/handler.go:64.16,68.3 3 1
github.com/vatsal278/html-pdf-service/internal/handler/handler.go:73.80,77.9 3 1
github.com/vatsal278/html-pdf-service/internal/handler/handler.go:81.2,83.16 3 1
github.com/vatsal278/html-pdf-service/internal/handler/handler.go:88.2,90.34 3 1
github.com/vatsal278/html-pdf-service/internal/handler/handler.go:96.2,97.51 2 1
github.com/vatsal278/html-pdf-service/internal/handler/handler.go:77.9,80.3 2 1
github.com/vatsal278/html-pdf-service/internal/handler/handler.go:83.16,87.3 3 1
github.com/vatsal278/html-pdf-service/internal/handler/handler.go:90.34,94.3 3 1
github.com/vatsal278/html-pdf-service/internal/handler/handler.go:99.79,103.9 3 1
github.com/vatsal278/html-pdf-service/internal/handler/handler.go:107.2,109.16 2 1
github.com/vatsal278/html-pdf-service/internal/handler/handler.go:114.2,115.16 2 1
github.com/vatsal278/html-pdf-service/internal/handler/handler.go:120.2,122.58 3 1
github.com/vatsal278/html-pdf-service/internal/handler/handler.go:103.9,106.3 2 1
github.com/vatsal278/html-pdf-service/internal/handler/handler.go:109.16,113.3 3 1
github.com/vatsal278/html-pdf-service/internal/handler/handler.go:115.16,119.3 3 1
github.com/vatsal278/html-pdf-service/pkg/sdk/sdk.go:21.48,28.2 1 1
github.com/vatsal278/html-pdf-service/pkg/sdk/sdk.go:36.67,41.16 5 1
github.com/vatsal278/html-pdf-service/pkg/sdk/sdk.go:44.2,45.16 2 1
github.com/vatsal278/html-pdf-service/pkg/sdk/sdk.go:48.2,50.16 3 1
github.com/vatsal278/html-pdf-service/pkg/sdk/sdk.go:54.2,54.46 1 1
github.com/vatsal278/html-pdf-service/pkg/sdk/sdk.go:57.2,58.16 2 1
github.com/vatsal278/html-pdf-service/pkg/sdk/sdk.go:61.2,63.16 3 1
github.com/vatsal278/html-pdf-service/pkg/sdk/sdk.go:66.2,68.9 3 1
github.com/vatsal278/html-pdf-service/pkg/sdk/sdk.go:72.2,73.9 2 1
github.com/vatsal278/html-pdf-service/pkg/sdk/sdk.go:76.2,77.9 2 1
github.com/vatsal278/html-pdf-service/pkg/sdk/sdk.go:80.2,80.15 1 1
github.com/vatsal278/html-pdf-service/pkg/sdk/sdk.go:41.16,43.3 1 0
github.com/vatsal278/html-pdf-service/pkg/sdk/sdk.go:45.16,47.3 1 0
github.com/vatsal278/html-pdf-service/pkg/sdk/sdk.go:50.16,52.3 1 1
github.com/vatsal278/html-pdf-service/pkg/sdk/sdk.go:54.46,56.3 1 1
github.com/vatsal278/html-pdf-service/pkg/sdk/sdk.go:58.16,60.3 1 0
github.com/vatsal278/html-pdf-service/pkg/sdk/sdk.go:63.16,65.3 1 1
github.com/vatsal278/html-pdf-service/pkg/sdk/sdk.go:68.9,71.3 2 1
github.com/vatsal278/html-pdf-service/pkg/sdk/sdk.go:73.9,75.3 1 1
github.com/vatsal278/html-pdf-service/pkg/sdk/sdk.go:77.9,79.3 1 0
github.com/vatsal278/html-pdf-service/pkg/sdk/sdk.go:83.67,88.16 5 1
github.com/vatsal278/html-pdf-service/pkg/sdk/sdk.go:91.2,92.16 2 1
github.com/vatsal278/html-pdf-service/pkg/sdk/sdk.go:95.2,98.16 4 1
github.com/vatsal278/html-pdf-service/pkg/sdk/sdk.go:101.2,103.16 3 1
github.com/vatsal278/html-pdf-service/pkg/sdk/sdk.go:106.2,106.52 1 1
github.com/vatsal278/html-pdf-service/pkg/sdk/sdk.go:109.2,110.16 2 1
github.com/vatsal278/html-pdf-service/pkg/sdk/sdk.go:113.2,115.16 3 1
github.com/vatsal278/html-pdf-service/pkg/sdk/sdk.go:118.2,119.9 2 1
github.com/vatsal278/html-pdf-service/pkg/sdk/sdk.go:123.2,123.22 1 1
github.com/vatsal278/html-pdf-service/pkg/sdk/sdk.go:126.2,126.12 1 1
github.com/vatsal278/html-pdf-service/pkg/sdk/sdk.go:88.16,90.3 1 0
github.com/vatsal278/html-pdf-service/pkg/sdk/sdk.go:92.16,94.3 1 0
github.com/vatsal278/html-pdf-service/pkg/sdk/sdk.go:98.16,100.3 1 0
github.com/vatsal278/html-pdf-service/pkg/sdk/sdk.go:103.16,105.3 1 1
github.com/vatsal278/html-pdf-service/pkg/sdk/sdk.go:106.52,108.3 1 1
github.com/vatsal278/html-pdf-service/pkg/sdk/sdk.go:110.16,112.3 1 0
github.com/vatsal278/html-pdf-service/pkg/sdk/sdk.go:115.16,117.3 1 1
github.com/vatsal278/html-pdf-service/pkg/sdk/sdk.go:119.9,122.3 2 1
github.com/vatsal278/html-pdf-service/pkg/sdk/sdk.go:123.22,125.3 1 1
github.com/vatsal278/html-pdf-service/pkg/sdk/sdk.go:133.100,138.16 2 1
github.com/vatsal278/html-pdf-service/pkg/sdk/sdk.go:141.2,142.16 2 1
github.com/vatsal278/html-pdf-service/pkg/sdk/sdk.go:145.2,147.16 3 1
github.com/vatsal278/html-pdf-service/pkg/sdk/sdk.go:151.2,151.52 1 1
github.com/vatsal278/html-pdf-service/pkg/sdk/sdk.go:154.2,155.16 2 1
github.com/vatsal278/html-pdf-service/pkg/sdk/sdk.go:158.2,158.22 1 1
github.com/vatsal278/html-pdf-service/pkg/sdk/sdk.go:138.16,140.3 1 1
github.com/vatsal278/html-pdf-service/pkg/sdk/sdk.go:142.16,144.3 1 0
github.com/vatsal278/html-pdf-service/pkg/sdk/sdk.go:147.16,149.3 1 1
github.com/vatsal278/html-pdf-service/pkg/sdk/sdk.go:151.52,153.3 1 1
github.com/vatsal278/html-pdf-service/pkg/sdk/sdk.go:155.16,157.3 1 0
