mode: set
github.com/vatsal278/html-pdf-service/pkg/sdk/sdk.go:23.48,30.2 1 1
github.com/vatsal278/html-pdf-service/pkg/sdk/sdk.go:38.67,45.16 5 1
github.com/vatsal278/html-pdf-service/pkg/sdk/sdk.go:48.2,51.16 4 1
github.com/vatsal278/html-pdf-service/pkg/sdk/sdk.go:55.2,55.46 1 1
github.com/vatsal278/html-pdf-service/pkg/sdk/sdk.go:58.2,59.16 2 1
github.com/vatsal278/html-pdf-service/pkg/sdk/sdk.go:62.2,64.16 3 1
github.com/vatsal278/html-pdf-service/pkg/sdk/sdk.go:67.2,69.9 3 1
github.com/vatsal278/html-pdf-service/pkg/sdk/sdk.go:73.2,73.33 1 1
github.com/vatsal278/html-pdf-service/pkg/sdk/sdk.go:45.16,47.3 1 0
github.com/vatsal278/html-pdf-service/pkg/sdk/sdk.go:51.16,53.3 1 0
github.com/vatsal278/html-pdf-service/pkg/sdk/sdk.go:55.46,57.3 1 1
github.com/vatsal278/html-pdf-service/pkg/sdk/sdk.go:59.16,61.3 1 0
github.com/vatsal278/html-pdf-service/pkg/sdk/sdk.go:64.16,66.3 1 0
github.com/vatsal278/html-pdf-service/pkg/sdk/sdk.go:69.9,72.3 2 0
github.com/vatsal278/html-pdf-service/pkg/sdk/sdk.go:76.67,81.16 5 1
github.com/vatsal278/html-pdf-service/pkg/sdk/sdk.go:84.2,85.16 2 1
github.com/vatsal278/html-pdf-service/pkg/sdk/sdk.go:88.2,90.16 3 1
github.com/vatsal278/html-pdf-service/pkg/sdk/sdk.go:93.2,94.16 2 1
github.com/vatsal278/html-pdf-service/pkg/sdk/sdk.go:98.2,101.16 4 1
github.com/vatsal278/html-pdf-service/pkg/sdk/sdk.go:104.2,104.52 1 1
github.com/vatsal278/html-pdf-service/pkg/sdk/sdk.go:107.2,108.16 2 1
github.com/vatsal278/html-pdf-service/pkg/sdk/sdk.go:111.2,113.16 3 1
github.com/vatsal278/html-pdf-service/pkg/sdk/sdk.go:116.2,117.22 2 1
github.com/vatsal278/html-pdf-service/pkg/sdk/sdk.go:120.2,120.12 1 1
github.com/vatsal278/html-pdf-service/pkg/sdk/sdk.go:81.16,83.3 1 0
github.com/vatsal278/html-pdf-service/pkg/sdk/sdk.go:85.16,87.3 1 0
github.com/vatsal278/html-pdf-service/pkg/sdk/sdk.go:90.16,92.3 1 0
github.com/vatsal278/html-pdf-service/pkg/sdk/sdk.go:94.16,97.3 2 0
github.com/vatsal278/html-pdf-service/pkg/sdk/sdk.go:101.16,103.3 1 0
github.com/vatsal278/html-pdf-service/pkg/sdk/sdk.go:104.52,106.3 1 1
github.com/vatsal278/html-pdf-service/pkg/sdk/sdk.go:108.16,110.3 1 0
github.com/vatsal278/html-pdf-service/pkg/sdk/sdk.go:113.16,115.3 1 0
github.com/vatsal278/html-pdf-service/pkg/sdk/sdk.go:117.22,119.3 1 1
github.com/vatsal278/html-pdf-service/pkg/sdk/sdk.go:127.100,131.16 2 1
github.com/vatsal278/html-pdf-service/pkg/sdk/sdk.go:135.2,136.16 2 1
github.com/vatsal278/html-pdf-service/pkg/sdk/sdk.go:139.2,140.16 2 1
github.com/vatsal278/html-pdf-service/pkg/sdk/sdk.go:144.2,144.52 1 1
github.com/vatsal278/html-pdf-service/pkg/sdk/sdk.go:147.2,148.16 2 1
github.com/vatsal278/html-pdf-service/pkg/sdk/sdk.go:151.2,151.16 1 1
github.com/vatsal278/html-pdf-service/pkg/sdk/sdk.go:131.16,133.3 1 0
github.com/vatsal278/html-pdf-service/pkg/sdk/sdk.go:136.16,138.3 1 0
github.com/vatsal278/html-pdf-service/pkg/sdk/sdk.go:140.16,142.3 1 0
github.com/vatsal278/html-pdf-service/pkg/sdk/sdk.go:144.52,146.3 1 1
github.com/vatsal278/html-pdf-service/pkg/sdk/sdk.go:148.16,150.3 1 0
github.com/vatsal278/html-pdf-service/internal/repo/htmlToPdf/wkhtmltopdf.go:12.36,14.2 1 1
github.com/vatsal278/html-pdf-service/internal/repo/htmlToPdf/wkhtmltopdf.go:16.41,18.2 1 0
github.com/vatsal278/html-pdf-service/internal/repo/htmlToPdf/wkhtmltopdf.go:20.64,24.16 4 1
github.com/vatsal278/html-pdf-service/internal/repo/htmlToPdf/wkhtmltopdf.go:27.2,27.16 1 1
github.com/vatsal278/html-pdf-service/internal/repo/htmlToPdf/wkhtmltopdf.go:24.16,26.3 1 0
github.com/vatsal278/html-pdf-service/internal/repo/htmlToPdf/wkhtmltopdf.go:29.64,31.16 2 1
github.com/vatsal278/html-pdf-service/internal/repo/htmlToPdf/wkhtmltopdf.go:34.2,37.16 3 1
github.com/vatsal278/html-pdf-service/internal/repo/htmlToPdf/wkhtmltopdf.go:40.2,40.12 1 1
github.com/vatsal278/html-pdf-service/internal/repo/htmlToPdf/wkhtmltopdf.go:31.16,33.3 1 0
github.com/vatsal278/html-pdf-service/internal/repo/htmlToPdf/wkhtmltopdf.go:37.16,39.3 1 0
github.com/vatsal278/html-pdf-service/internal/repo/datasource/redis.go:13.57,17.2 1 1
github.com/vatsal278/html-pdf-service/internal/repo/datasource/redis.go:18.37,20.16 2 1
github.com/vatsal278/html-pdf-service/internal/repo/datasource/redis.go:23.2,23.13 1 1
github.com/vatsal278/html-pdf-service/internal/repo/datasource/redis.go:20.16,22.3 1 1
github.com/vatsal278/html-pdf-service/internal/repo/datasource/redis.go:25.68,27.2 1 0
github.com/vatsal278/html-pdf-service/internal/repo/datasource/redis.go:28.52,31.16 3 1
github.com/vatsal278/html-pdf-service/internal/repo/datasource/redis.go:34.2,34.17 1 1
github.com/vatsal278/html-pdf-service/internal/repo/datasource/redis.go:31.16,33.3 1 1
github.com/vatsal278/html-pdf-service/internal/repo/datasource/redis.go:37.81,40.16 3 1
github.com/vatsal278/html-pdf-service/internal/repo/datasource/redis.go:43.2,43.12 1 1
github.com/vatsal278/html-pdf-service/internal/repo/datasource/redis.go:40.16,42.3 1 1
github.com/vatsal278/html-pdf-service/internal/repo/datasource/redis.go:45.47,48.16 3 1
github.com/vatsal278/html-pdf-service/internal/repo/datasource/redis.go:51.2,51.12 1 1
github.com/vatsal278/html-pdf-service/internal/repo/datasource/redis.go:48.16,50.3 1 1
github.com/vatsal278/html-pdf-service/internal/config/config.go:43.43,53.2 2 1
github.com/vatsal278/html-pdf-service/internal/logic/logic.go:37.102,42.2 1 1
github.com/vatsal278/html-pdf-service/internal/logic/logic.go:44.79,49.16 2 1
github.com/vatsal278/html-pdf-service/internal/logic/logic.go:57.2,61.3 1 1
github.com/vatsal278/html-pdf-service/internal/logic/logic.go:49.16,56.3 2 1
github.com/vatsal278/html-pdf-service/internal/logic/logic.go:64.49,68.2 1 1
github.com/vatsal278/html-pdf-service/internal/logic/logic.go:70.73,72.16 2 1
github.com/vatsal278/html-pdf-service/internal/logic/logic.go:80.2,81.16 2 1
github.com/vatsal278/html-pdf-service/internal/logic/logic.go:88.2,90.16 3 1
github.com/vatsal278/html-pdf-service/internal/logic/logic.go:98.2,104.3 1 1
github.com/vatsal278/html-pdf-service/internal/logic/logic.go:72.16,79.3 2 1
github.com/vatsal278/html-pdf-service/internal/logic/logic.go:81.16,87.3 1 1
github.com/vatsal278/html-pdf-service/internal/logic/logic.go:90.16,97.3 2 1
github.com/vatsal278/html-pdf-service/internal/logic/logic.go:107.85,109.16 2 1
github.com/vatsal278/html-pdf-service/internal/logic/logic.go:117.2,118.16 2 1
github.com/vatsal278/html-pdf-service/internal/logic/logic.go:126.2,127.16 2 1
github.com/vatsal278/html-pdf-service/internal/logic/logic.go:134.2,135.16 2 1
github.com/vatsal278/html-pdf-service/internal/logic/logic.go:143.2,149.3 1 1
github.com/vatsal278/html-pdf-service/internal/logic/logic.go:109.16,116.3 2 1
github.com/vatsal278/html-pdf-service/internal/logic/logic.go:118.16,125.3 2 1
github.com/vatsal278/html-pdf-service/internal/logic/logic.go:127.16,133.3 1 1
github.com/vatsal278/html-pdf-service/internal/logic/logic.go:135.16,142.3 2 1
github.com/vatsal278/html-pdf-service/internal/logic/logic.go:152.97,155.16 3 1
github.com/vatsal278/html-pdf-service/internal/logic/logic.go:163.2,164.16 2 1
github.com/vatsal278/html-pdf-service/internal/logic/logic.go:172.2,173.9 2 1
github.com/vatsal278/html-pdf-service/internal/logic/logic.go:181.2,181.22 1 1
github.com/vatsal278/html-pdf-service/internal/logic/logic.go:225.2,227.16 3 1
github.com/vatsal278/html-pdf-service/internal/logic/logic.go:235.2,236.16 2 1
github.com/vatsal278/html-pdf-service/internal/logic/logic.go:244.2,244.51 1 1
github.com/vatsal278/html-pdf-service/internal/logic/logic.go:155.16,162.3 2 1
github.com/vatsal278/html-pdf-service/internal/logic/logic.go:164.16,171.3 2 1
github.com/vatsal278/html-pdf-service/internal/logic/logic.go:173.9,180.3 2 1
github.com/vatsal278/html-pdf-service/internal/logic/logic.go:181.22,183.10 2 1
github.com/vatsal278/html-pdf-service/internal/logic/logic.go:191.3,192.10 2 1
github.com/vatsal278/html-pdf-service/internal/logic/logic.go:195.3,196.17 2 1
github.com/vatsal278/html-pdf-service/internal/logic/logic.go:204.3,205.17 2 1
github.com/vatsal278/html-pdf-service/internal/logic/logic.go:213.3,215.17 3 1
github.com/vatsal278/html-pdf-service/internal/logic/logic.go:223.3,223.77 1 1
github.com/vatsal278/html-pdf-service/internal/logic/logic.go:183.10,190.4 2 1
github.com/vatsal278/html-pdf-service/internal/logic/logic.go:192.10,193.12 1 1
github.com/vatsal278/html-pdf-service/internal/logic/logic.go:196.17,203.4 2 1
github.com/vatsal278/html-pdf-service/internal/logic/logic.go:205.17,212.4 2 1
github.com/vatsal278/html-pdf-service/internal/logic/logic.go:215.17,222.4 2 1
github.com/vatsal278/html-pdf-service/internal/logic/logic.go:227.16,234.3 2 0
github.com/vatsal278/html-pdf-service/internal/logic/logic.go:236.16,243.3 2 1
github.com/vatsal278/html-pdf-service/internal/router/router.go:16.53,20.38 2 1
github.com/vatsal278/html-pdf-service/internal/router/router.go:24.2,36.10 9 1
github.com/vatsal278/html-pdf-service/internal/router/router.go:20.38,22.3 1 1
github.com/vatsal278/html-pdf-service/internal/router/router.go:39.86,50.2 8 1
github.com/vatsal278/html-pdf-service/internal/handler/common.go:29.40,33.2 3 1
github.com/vatsal278/html-pdf-service/internal/handler/common.go:35.30,37.2 1 1
github.com/vatsal278/html-pdf-service/internal/handler/common.go:39.72,41.2 1 1
github.com/vatsal278/html-pdf-service/internal/handler/common.go:43.69,45.2 1 1
github.com/vatsal278/html-pdf-service/internal/handler/common.go:47.67,55.33 3 1
github.com/vatsal278/html-pdf-service/internal/handler/common.go:66.2,66.78 1 1
github.com/vatsal278/html-pdf-service/internal/handler/common.go:55.33,58.10 3 1
github.com/vatsal278/html-pdf-service/internal/handler/common.go:61.3,64.4 1 1
github.com/vatsal278/html-pdf-service/internal/handler/common.go:58.10,60.4 1 1
github.com/vatsal278/html-pdf-service/internal/handler/handler.go:36.106,43.2 3 1
github.com/vatsal278/html-pdf-service/internal/handler/handler.go:45.81,47.15 2 1
github.com/vatsal278/html-pdf-service/internal/handler/handler.go:54.2,56.8 3 1
github.com/vatsal278/html-pdf-service/internal/handler/handler.go:47.15,49.11 2 1
github.com/vatsal278/html-pdf-service/internal/handler/handler.go:49.11,52.4 2 0
github.com/vatsal278/html-pdf-service/internal/handler/handler.go:58.72,62.16 3 1
github.com/vatsal278/html-pdf-service/internal/handler/handler.go:67.2,69.8 3 1
github.com/vatsal278/html-pdf-service/internal/handler/handler.go:62.16,65.3 2 1
github.com/vatsal278/html-pdf-service/internal/handler/handler.go:71.74,73.16 2 1
github.com/vatsal278/html-pdf-service/internal/handler/handler.go:78.2,79.16 2 1
github.com/vatsal278/html-pdf-service/internal/handler/handler.go:84.2,86.58 3 1
github.com/vatsal278/html-pdf-service/internal/handler/handler.go:73.16,77.3 3 1
github.com/vatsal278/html-pdf-service/internal/handler/handler.go:79.16,83.3 3 1
github.com/vatsal278/html-pdf-service/internal/handler/handler.go:88.80,92.9 3 1
github.com/vatsal278/html-pdf-service/internal/handler/handler.go:96.2,98.16 3 1
github.com/vatsal278/html-pdf-service/internal/handler/handler.go:103.2,105.34 3 1
github.com/vatsal278/html-pdf-service/internal/handler/handler.go:110.2,111.51 2 1
github.com/vatsal278/html-pdf-service/internal/handler/handler.go:92.9,95.3 2 1
github.com/vatsal278/html-pdf-service/internal/handler/handler.go:98.16,102.3 3 1
github.com/vatsal278/html-pdf-service/internal/handler/handler.go:105.34,109.3 3 1
github.com/vatsal278/html-pdf-service/internal/handler/handler.go:113.79,117.9 3 1
github.com/vatsal278/html-pdf-service/internal/handler/handler.go:121.2,123.16 2 1
github.com/vatsal278/html-pdf-service/internal/handler/handler.go:128.2,129.16 2 1
github.com/vatsal278/html-pdf-service/internal/handler/handler.go:134.2,136.58 3 1
github.com/vatsal278/html-pdf-service/internal/handler/handler.go:117.9,120.3 2 1
github.com/vatsal278/html-pdf-service/internal/handler/handler.go:123.16,127.3 3 1
github.com/vatsal278/html-pdf-service/internal/handler/handler.go:129.16,133.3 3 1
